[2020-08-18 21:14:35] START
[2020-08-18 21:20:13] EDIT prodigy/views/layout.html: 0
[2020-08-18 21:21:20] EDIT prodigy/views/layout.html: -1
[2020-08-18 21:21:58] EDIT prodigy/views/layout.html: -3
[2020-08-18 21:22:12] EDIT prodigy/controllers/default.py: -1
[2020-08-18 21:22:45] EDIT prodigy/models/menu.py: 0
[2020-08-18 21:23:14] EDIT prodigy/views/default/index.html: -26
[2020-08-18 21:24:02] EDIT prodigy/controllers/default.py: 0
[2020-08-18 21:24:18] EDIT prodigy/views/default/index.html: 3
[2020-08-18 21:25:01] EDIT prodigy/views/default/index.html: 17
[2020-08-18 21:26:01] EDIT prodigy/views/default/index.html: 0
[2020-08-18 21:28:14] EDIT prodigy/views/default/index.html: 1
[2020-08-18 21:30:05] UPLOAD /home/rogoberto/web2py/applications/prodigy/static/css/all.min.css: 5
[2020-08-18 21:30:24] EDIT prodigy/views/layout.html: 1
[2020-08-18 21:31:27] UPLOAD /home/rogoberto/web2py/applications/prodigy/static/css/simple_line_icons.css: 778
[2020-08-18 21:31:38] EDIT prodigy/views/layout.html: 1
[2020-08-18 21:31:58] EDIT prodigy/views/layout.html: 0
[2020-08-18 21:32:17] EDIT prodigy/views/layout.html: 0
[2020-08-18 21:32:28] EDIT prodigy/views/layout.html: -2
[2020-08-18 21:32:35] EDIT prodigy/views/layout.html: 2
[2020-08-18 21:33:00] EDIT prodigy/views/layout.html: 1
[2020-08-18 21:33:57] UPLOAD /home/rogoberto/web2py/applications/prodigy/static/css/landing_page.min.css: 5
[2020-08-18 21:34:21] EDIT prodigy/views/layout.html: 1
[2020-08-18 21:36:27] EDIT prodigy/views/layout.html: 0
[2020-08-18 21:37:06] EDIT prodigy/views/layout.html: 0
[2020-08-18 21:38:08] EDIT prodigy/views/default/index.html: 2
[2020-08-18 21:39:20] EDIT prodigy/views/layout.html: 1
[2020-08-18 21:42:53] EDIT prodigy/static/css/landing_page.min.css: 0
[2020-08-18 21:43:03] EDIT prodigy/static/css/landing_page.min.css: 0
[2020-08-18 21:44:39] EDIT prodigy/static/css/landing_page.min.css: 20
[2020-08-18 21:48:08] EDIT prodigy/static/css/landing_page.min.css: 70
[2020-08-18 21:51:12] EDIT prodigy/views/default/index.html: 110
[2020-08-18 21:52:37] EDIT prodigy/static/css/landing_page.min.css: 0
[2020-08-18 21:54:03] EDIT prodigy/static/css/landing_page.min.css: 0
[2020-08-18 21:54:51] EDIT prodigy/views/layout.html: 0
[2020-08-18 21:55:01] EDIT prodigy/views/layout.html: 0
[2020-08-18 21:56:08] EDIT prodigy/views/default/index.html: 5
[2020-08-18 21:56:30] EDIT prodigy/views/default/index.html: 1
[2020-08-18 21:57:07] EDIT prodigy/views/default/index.html: 0
[2020-08-18 21:58:20] EDIT prodigy/views/default/index.html: 1
[2020-08-18 22:04:09] EDIT prodigy/views/default/index.html: 0
[2020-08-18 22:05:06] EDIT prodigy/views/default/index.html: 0
[2020-08-18 22:09:56] EDIT prodigy/views/default/index.html: 6
[2020-08-18 22:10:29] EDIT prodigy/views/default/index.html: 5
[2020-08-18 22:11:06] EDIT prodigy/views/layout.html: -3
[2020-08-18 22:19:12] EDIT prodigy/views/default/index.html: 37
[2020-08-18 22:19:30] EDIT prodigy/views/default/index.html: -1
[2020-08-18 22:21:01] EDIT prodigy/views/default/index.html: -10
[2020-08-18 22:22:26] EDIT prodigy/views/default/index.html: 0
[2020-08-18 22:24:30] EDIT prodigy/views/default/index.html: 0
[2020-08-18 22:27:03] EDIT prodigy/views/default/index.html: 0
[2020-08-18 22:27:30] EDIT prodigy/views/default/index.html: 0
[2020-08-18 22:29:11] EDIT prodigy/views/default/index.html: 1
[2020-08-18 22:29:21] EDIT prodigy/views/default/index.html: 0
[2020-08-18 22:29:29] EDIT prodigy/views/default/index.html: 0
[2020-08-19 04:31:34] EDIT prodigy/models/db.py: 7
[2020-08-19 04:31:51] EDIT prodigy/models/db.py: -1
[2020-08-19 04:41:16] EDIT prodigy/models/db.py: 11
[2020-08-19 04:41:39] EDIT prodigy/models/db.py: 0
[2020-08-19 04:43:17] EDIT prodigy/controllers/default.py: 11
[2020-08-19 04:45:13] EDIT prodigy/controllers/default.py: 1
[2020-08-19 04:45:36] EDIT prodigy/views/default/index.html: 1
[2020-08-19 04:46:01] EDIT prodigy/views/default/index.html: 0
[2020-08-19 04:46:32] EDIT prodigy/controllers/default.py: 0
[2020-08-19 04:46:45] EDIT prodigy/controllers/default.py: 0
[2020-08-19 05:03:26] EDIT prodigy/controllers/default.py: 3
[2020-08-19 05:03:45] CREATE default/lista_cliente.html: 0
[2020-08-19 05:03:52] EDIT prodigy/views/default/lista_cliente.html: 17
[2020-08-19 05:04:24] EDIT prodigy/views/default/lista_cliente.html: 28
[2020-08-19 05:05:16] EDIT prodigy/views/default/lista_cliente.html: 0
[2020-08-19 05:05:34] EDIT prodigy/views/default/lista_cliente.html: 0
[2020-08-19 05:06:10] EDIT prodigy/views/default/lista_cliente.html: 2
[2020-08-19 05:06:32] EDIT prodigy/views/default/lista_cliente.html: 0
[2020-08-19 05:06:45] EDIT prodigy/controllers/default.py: 0
[2020-08-19 05:08:09] EDIT prodigy/views/default/lista_cliente.html: 0
[2020-08-19 05:09:08] EDIT prodigy/views/default/lista_cliente.html: 0
[2020-08-19 05:09:40] EDIT prodigy/views/default/lista_cliente.html: 0
[2020-08-19 05:10:34] EDIT prodigy/views/generic.html: 2
[2020-08-19 05:11:05] EDIT prodigy/views/generic.html: 6
[2020-08-19 05:11:32] EDIT prodigy/views/generic.html: 2
[2020-08-19 05:12:02] EDIT prodigy/controllers/default.py: 0
[2020-08-19 05:12:45] EDIT prodigy/views/default/lista_cliente.html: 0
[2020-08-19 05:14:37] EDIT prodigy/controllers/default.py: 4
[2020-08-19 05:21:08] EDIT prodigy/controllers/default.py: 10
[2020-08-19 05:21:33] EDIT prodigy/views/default/lista_cliente.html: 0
[2020-08-19 05:23:17] EDIT prodigy/controllers/default.py: 0
[2020-08-19 05:25:32] EDIT prodigy/views/default/lista_cliente.html: 0
[2020-08-19 05:25:47] CREATE default/acesso_cliente.html: 0
[2020-08-19 05:34:13] EDIT prodigy/views/default/acesso_cliente.html: 83
[2020-08-19 05:34:31] EDIT prodigy/views/default/acesso_cliente.html: 0
[2020-08-19 05:34:59] EDIT prodigy/views/default/acesso_cliente.html: 0
[2020-08-19 05:35:58] EDIT prodigy/views/default/acesso_cliente.html: 0
[2020-08-19 05:36:37] EDIT prodigy/views/default/acesso_cliente.html: 0
[2020-08-19 05:36:52] EDIT prodigy/views/default/acesso_cliente.html: 0
[2020-08-19 05:37:11] EDIT prodigy/views/default/acesso_cliente.html: 0
[2020-08-19 05:37:53] EDIT prodigy/views/default/acesso_cliente.html: 2
[2020-08-19 05:38:36] EDIT prodigy/views/default/acesso_cliente.html: 0
[2020-08-19 05:38:51] EDIT prodigy/views/default/acesso_cliente.html: 0
[2020-08-19 05:39:55] EDIT prodigy/views/default/acesso_cliente.html: 0
[2020-08-19 05:40:11] EDIT prodigy/views/default/acesso_cliente.html: 0
[2020-08-19 05:40:46] EDIT prodigy/controllers/default.py: 0
[2020-08-19 05:42:17] EDIT prodigy/views/default/acesso_cliente.html: 0
[2020-08-19 05:42:25] EDIT prodigy/views/default/acesso_cliente.html: 0
[2020-08-19 05:42:38] EDIT prodigy/views/default/acesso_cliente.html: 0
[2020-08-19 05:42:51] EDIT prodigy/views/default/acesso_cliente.html: 0
[2020-08-19 05:44:35] EDIT prodigy/controllers/default.py: 16
[2020-08-19 05:45:03] EDIT prodigy/controllers/default.py: 2
[2020-08-19 05:45:11] EDIT prodigy/controllers/default.py: 0
[2020-08-19 05:45:19] EDIT prodigy/controllers/default.py: 0
[2020-08-19 05:45:36] EDIT prodigy/controllers/default.py: 0
[2020-08-19 05:45:45] EDIT prodigy/controllers/default.py: 0
[2020-08-19 05:46:17] EDIT prodigy/controllers/default.py: 0
[2020-08-19 05:47:14] EDIT prodigy/models/db.py: 0
[2020-08-19 05:47:34] EDIT prodigy/models/db.py: 0
[2020-08-19 05:47:52] EDIT prodigy/controllers/default.py: 0
[2020-08-19 05:49:16] EDIT prodigy/models/db.py: 1
[2020-08-19 05:49:37] EDIT prodigy/models/db.py: 0
[2020-08-19 05:50:09] EDIT prodigy/models/db.py: 0
[2020-08-19 05:51:30] EDIT prodigy/models/db.py: 1
[2020-08-19 05:52:29] EDIT prodigy/controllers/default.py: 0
[2020-08-19 05:59:19] EDIT prodigy/views/default/acesso_cliente.html: 0
[2020-08-19 06:00:28] EDIT prodigy/views/default/index.html: -10
[2020-08-19 06:00:33] EDIT prodigy/views/default/index.html: -1
[2020-08-19 06:03:47] EDIT prodigy/views/default/index.html: -128
[2020-08-19 06:10:45] EDIT prodigy/views/default/index.html: 34
[2020-08-19 06:11:07] EDIT prodigy/views/default/index.html: 0
[2020-08-19 06:11:15] EDIT prodigy/views/default/index.html: 0
[2020-08-19 06:11:26] EDIT prodigy/views/default/index.html: 0
[2020-08-19 06:11:50] EDIT prodigy/views/default/index.html: 0
[2020-08-19 06:12:09] EDIT prodigy/views/default/index.html: 0
[2020-08-19 06:12:28] EDIT prodigy/views/default/index.html: 0
[2020-08-19 06:13:16] EDIT prodigy/views/default/index.html: 0
[2020-08-19 06:13:51] EDIT prodigy/views/default/index.html: 0
[2020-08-19 06:14:56] EDIT prodigy/views/default/index.html: 0
[2020-08-19 06:16:25] EDIT prodigy/views/default/index.html: 0
[2020-08-19 06:16:48] EDIT prodigy/views/default/index.html: 0
[2020-08-19 06:17:30] EDIT prodigy/models/menu.py: 1
[2020-08-19 06:17:43] EDIT prodigy/models/menu.py: 0
[2020-08-19 06:17:45] EDIT prodigy/models/menu.py: 0
[2020-08-19 06:17:51] EDIT prodigy/models/menu.py: 0
[2020-08-19 06:17:54] EDIT prodigy/models/menu.py: 0
[2020-08-19 06:18:02] EDIT prodigy/models/menu.py: 0
[2020-08-19 16:46:48] EDIT prodigy/controllers/default.py: 5
[2020-08-19 17:08:16] EDIT prodigy/models/db.py: 8
[2020-08-19 17:10:33] EDIT prodigy/models/db.py: 1
[2020-08-19 17:11:35] EDIT prodigy/models/db.py: 0
[2020-08-19 17:22:30] EDIT prodigy/models/db.py: 0
[2020-08-20 02:58:45] EDIT prodigy/models/db.py: 3
[2020-08-20 04:12:39] EDIT prodigy/models/db.py: 0
[2020-08-20 04:14:57] EDIT prodigy/models/db.py: 0
[2020-08-20 04:15:08] EDIT prodigy/models/db.py: 0
[2020-08-20 04:15:31] EDIT prodigy/models/db.py: 0
[2020-08-20 04:21:07] EDIT prodigy/models/db.py: 0
[2020-08-20 04:21:31] EDIT prodigy/models/db.py: 0
[2020-08-20 04:23:12] EDIT prodigy/models/db.py: -1
[2020-08-20 04:23:33] EDIT prodigy/models/db.py: 0
[2020-08-20 04:24:21] EDIT prodigy/models/db.py: 0
[2020-08-20 04:24:52] EDIT prodigy/models/db.py: 0
[2020-08-20 04:41:07] EDIT prodigy/models/db.py: 2
[2020-08-20 04:41:23] EDIT prodigy/models/db.py: -1
[2020-08-20 04:41:26] EDIT prodigy/models/db.py: 0
[2020-08-20 04:41:31] EDIT prodigy/models/db.py: 0
[2020-08-20 04:46:41] EDIT prodigy/models/db.py: 0
[2020-08-20 04:49:56] EDIT prodigy/models/db.py: 0
[2020-08-20 04:52:14] EDIT prodigy/models/db.py: 0
[2020-08-20 04:53:15] EDIT prodigy/models/db.py: 0
[2020-08-20 04:55:55] EDIT prodigy/models/db.py: 0
[2020-08-20 04:56:00] EDIT prodigy/models/db.py: 0
[2020-08-20 04:56:26] EDIT prodigy/models/db.py: 0
[2020-08-20 04:57:49] EDIT prodigy/models/db.py: 0
[2020-08-20 04:59:58] EDIT prodigy/models/db.py: 0
[2020-08-20 05:02:04] EDIT prodigy/models/db.py: 1
[2020-08-20 05:02:30] EDIT prodigy/models/db.py: 0
[2020-08-20 05:03:13] EDIT prodigy/models/db.py: 0
[2020-08-20 05:04:26] EDIT prodigy/models/db.py: 0
[2020-08-20 05:04:56] EDIT prodigy/models/db.py: 0
[2020-08-20 05:05:47] EDIT prodigy/models/db.py: 0
[2020-08-20 05:07:19] EDIT prodigy/models/db.py: 0
[2020-08-20 05:07:54] EDIT prodigy/models/db.py: 0
[2020-08-20 05:08:19] EDIT prodigy/models/db.py: 0
[2020-08-20 05:10:02] EDIT prodigy/models/db.py: 0
[2020-08-20 05:10:56] EDIT prodigy/models/db.py: 0
[2020-08-20 05:11:21] EDIT prodigy/models/db.py: 0
[2020-08-20 05:12:37] EDIT prodigy/models/db.py: 0
[2020-08-20 05:30:49] EDIT prodigy/models/db.py: 0
[2020-08-20 05:31:27] EDIT prodigy/models/db.py: 0
[2020-08-20 05:33:54] EDIT prodigy/models/db.py: 0
[2020-08-20 05:34:55] EDIT prodigy/models/db.py: 0
[2020-08-20 05:35:44] EDIT prodigy/models/db.py: 0
[2020-08-20 05:36:17] EDIT prodigy/models/db.py: 0
[2020-08-20 05:38:00] EDIT prodigy/models/db.py: 0
[2020-08-20 05:39:55] EDIT prodigy/models/db.py: 0
[2020-08-20 05:41:25] EDIT prodigy/models/db.py: 0
[2020-08-20 05:43:20] EDIT prodigy/models/db.py: 0
[2020-08-20 05:43:53] EDIT prodigy/models/db.py: 0
[2020-08-20 05:44:41] EDIT prodigy/models/db.py: 0
[2020-08-20 05:46:30] EDIT prodigy/models/db.py: 1
[2020-08-20 05:47:31] EDIT prodigy/models/db.py: 1
[2020-08-20 05:47:50] EDIT prodigy/models/db.py: 0
[2020-08-20 05:48:00] EDIT prodigy/models/db.py: 0
[2020-08-20 05:48:09] EDIT prodigy/models/db.py: -2
[2020-08-20 05:49:21] EDIT prodigy/models/db.py: 1
[2020-08-20 05:53:56] EDIT prodigy/models/db.py: 3
[2020-08-20 05:55:30] EDIT prodigy/controllers/default.py: 3
[2020-08-20 05:56:39] EDIT prodigy/models/db.py: 1
[2020-08-20 05:57:42] EDIT prodigy/models/db.py: 0
[2020-08-20 05:58:22] EDIT prodigy/models/db.py: 0
[2020-08-20 06:02:26] EDIT prodigy/models/db.py: 1
[2020-08-20 06:05:54] EDIT prodigy/views/default/acesso_cliente.html: 0
[2020-08-20 06:07:26] EDIT prodigy/views/default/acesso_cliente.html: 0
[2020-08-20 06:08:03] EDIT prodigy/views/default/acesso_cliente.html: 0
[2020-08-20 06:08:19] EDIT prodigy/views/default/acesso_cliente.html: 0
[2020-08-20 06:08:54] EDIT prodigy/views/default/acesso_cliente.html: 0
[2020-08-20 06:09:06] EDIT prodigy/views/default/acesso_cliente.html: 0
[2020-08-20 06:09:39] EDIT prodigy/views/default/acesso_cliente.html: 0
[2020-08-20 06:10:23] EDIT prodigy/views/default/acesso_cliente.html: 4
[2020-08-20 06:14:24] EDIT prodigy/models/db.py: 1
[2020-08-20 06:15:14] EDIT prodigy/views/default/acesso_cliente.html: 4
[2020-08-20 06:15:38] EDIT prodigy/views/default/acesso_cliente.html: 0
[2020-08-20 06:16:56] EDIT prodigy/views/default/acesso_cliente.html: 0
[2020-08-20 06:17:55] EDIT prodigy/controllers/default.py: 4
[2020-08-20 06:18:10] CREATE default/acesso_operacao.html: 0
[2020-08-20 06:34:24] EDIT prodigy/views/default/acesso_operacao.html: 69
[2020-08-20 06:36:41] EDIT prodigy/views/default/acesso_operacao.html: 0
[2020-08-20 06:50:08] EDIT prodigy/models/db.py: 3
[2020-08-20 07:18:36] EDIT prodigy/views/default/acesso_operacao.html: -2
[2020-08-20 07:19:22] EDIT prodigy/views/default/acesso_operacao.html: -50
[2020-08-20 07:20:28] EDIT prodigy/views/default/acesso_operacao.html: 20
[2020-08-20 07:21:11] EDIT prodigy/views/default/acesso_operacao.html: -12
[2020-08-20 07:21:36] EDIT prodigy/views/default/acesso_operacao.html: 0
[2020-08-20 07:22:27] EDIT prodigy/views/default/acesso_operacao.html: 16
[2020-08-20 07:24:14] EDIT prodigy/models/db.py: 0
[2020-08-20 07:27:14] EDIT prodigy/views/default/acesso_operacao.html: 2
[2020-08-20 07:27:59] EDIT prodigy/views/default/acesso_operacao.html: 0
[2020-08-20 07:28:56] EDIT prodigy/views/default/acesso_operacao.html: 4
[2020-08-20 07:30:53] EDIT prodigy/views/default/acesso_operacao.html: 20
[2020-08-20 07:32:04] EDIT prodigy/views/default/acesso_operacao.html: 2
[2020-08-20 07:32:29] EDIT prodigy/views/default/acesso_operacao.html: 2
[2020-08-20 07:33:17] EDIT prodigy/views/default/acesso_operacao.html: 1
[2020-08-20 07:33:43] EDIT prodigy/views/default/acesso_operacao.html: 2
[2020-08-20 07:34:18] EDIT prodigy/views/default/acesso_operacao.html: -1
[2020-08-20 07:35:22] EDIT prodigy/views/default/acesso_operacao.html: 16
[2020-08-20 07:35:27] EDIT prodigy/views/default/acesso_operacao.html: 0
[2020-08-20 07:36:30] EDIT prodigy/views/default/acesso_operacao.html: 0
[2020-08-20 07:37:55] EDIT prodigy/views/default/acesso_operacao.html: 1
[2020-08-20 07:38:35] EDIT prodigy/views/default/acesso_operacao.html: -1
[2020-08-20 07:39:49] EDIT prodigy/views/default/acesso_operacao.html: 0
[2020-08-20 07:40:24] EDIT prodigy/views/default/acesso_operacao.html: 0
[2020-08-20 07:40:54] EDIT prodigy/views/default/acesso_operacao.html: 0
[2020-08-20 07:43:50] EDIT prodigy/views/default/acesso_operacao.html: 9
[2020-08-20 07:44:22] EDIT prodigy/views/default/acesso_operacao.html: 0
[2020-08-20 07:46:31] EDIT prodigy/views/default/acesso_operacao.html: 8
[2020-08-20 07:49:24] EDIT prodigy/views/default/acesso_operacao.html: 3
[2020-08-20 07:49:50] EDIT prodigy/views/default/acesso_operacao.html: 0
[2020-08-20 07:51:02] EDIT prodigy/views/default/acesso_operacao.html: 0
[2020-08-20 07:51:28] EDIT prodigy/views/default/acesso_operacao.html: 0
[2020-08-20 07:52:38] EDIT prodigy/views/default/acesso_operacao.html: 11
[2020-08-20 07:52:55] EDIT prodigy/views/default/acesso_operacao.html: 0
[2020-08-20 07:55:40] EDIT prodigy/views/default/acesso_operacao.html: 4
[2020-08-20 07:55:55] EDIT prodigy/views/default/acesso_operacao.html: 0
[2020-08-20 07:57:19] EDIT prodigy/controllers/default.py: 12
[2020-08-20 08:01:03] EDIT prodigy/models/db.py: 1
[2020-08-20 08:01:38] EDIT prodigy/models/db.py: 0
[2020-08-20 08:03:06] EDIT prodigy/models/db.py: 1
[2020-08-20 08:04:04] EDIT prodigy/views/default/acesso_operacao.html: 0
[2020-08-20 08:05:02] EDIT prodigy/views/default/acesso_operacao.html: 0
[2020-08-20 08:05:28] EDIT prodigy/views/default/acesso_operacao.html: 0
[2020-08-20 08:05:58] EDIT prodigy/views/default/acesso_cliente.html: 0
[2020-08-20 08:08:36] EDIT prodigy/views/default/acesso_operacao.html: 0
[2020-08-20 08:11:34] EDIT prodigy/controllers/default.py: 16
[2020-08-20 08:12:31] EDIT prodigy/controllers/default.py: 0
[2020-08-20 08:15:39] EDIT prodigy/controllers/default.py: 10
[2020-08-20 08:16:10] EDIT prodigy/controllers/default.py: 2
[2020-08-20 08:16:47] EDIT prodigy/controllers/default.py: 14
[2020-08-20 08:17:14] EDIT prodigy/controllers/default.py: 0
[2020-08-20 08:17:43] EDIT prodigy/controllers/default.py: 2
[2020-08-20 08:18:28] EDIT prodigy/controllers/default.py: 0
[2020-08-20 08:18:58] EDIT prodigy/controllers/default.py: 0
[2020-08-20 08:27:22] EDIT prodigy/controllers/default.py: -2
[2020-08-20 08:29:12] EDIT prodigy/models/db.py: 0
[2020-08-20 08:29:43] EDIT prodigy/controllers/default.py: 12
[2020-08-20 08:30:33] EDIT prodigy/controllers/default.py: 4
[2020-08-20 08:32:02] EDIT prodigy/controllers/default.py: 0
[2020-08-20 08:32:36] EDIT prodigy/controllers/default.py: 0
[2020-08-20 08:33:37] EDIT prodigy/controllers/default.py: 2
[2020-08-20 08:34:49] EDIT prodigy/views/default/acesso_operacao.html: 4
[2020-08-20 08:35:09] EDIT prodigy/views/default/acesso_operacao.html: 0
[2020-08-20 08:35:33] EDIT prodigy/views/default/acesso_operacao.html: 0
[2020-08-20 08:37:35] EDIT prodigy/views/default/acesso_operacao.html: 0
[2020-08-20 08:38:23] EDIT prodigy/views/default/acesso_operacao.html: 0
[2020-08-20 08:39:16] EDIT prodigy/views/default/acesso_operacao.html: 0
[2020-08-20 08:41:17] EDIT prodigy/views/default/acesso_operacao.html: 0
[2020-08-20 08:42:03] EDIT prodigy/views/default/acesso_operacao.html: 0
[2020-08-20 08:42:50] EDIT prodigy/views/default/acesso_operacao.html: 0
[2020-08-20 08:43:55] EDIT prodigy/views/default/acesso_operacao.html: 0
[2020-08-20 08:44:41] EDIT prodigy/views/default/acesso_operacao.html: 0
[2020-08-20 08:44:56] EDIT prodigy/views/default/acesso_operacao.html: 0
[2020-08-20 08:45:13] EDIT prodigy/views/default/acesso_operacao.html: 0
[2020-08-20 08:46:15] EDIT prodigy/views/default/acesso_operacao.html: 0
[2020-08-20 08:47:12] EDIT prodigy/views/default/acesso_operacao.html: 0
[2020-08-20 08:47:39] EDIT prodigy/views/default/acesso_operacao.html: 0
[2020-08-20 08:49:12] EDIT prodigy/views/default/acesso_operacao.html: 0
[2020-08-20 08:50:07] EDIT prodigy/views/default/acesso_operacao.html: 4
[2020-08-20 08:56:07] EDIT prodigy/views/default/acesso_operacao.html: 2
[2020-08-20 08:56:22] EDIT prodigy/views/default/acesso_operacao.html: 1
[2020-08-20 08:56:46] EDIT prodigy/views/default/acesso_operacao.html: 0
[2020-08-21 16:44:12] EDIT prodigy/models/db.py: 3
[2020-08-21 17:12:24] EDIT prodigy/models/db.py: 0
[2020-08-21 17:12:43] EDIT prodigy/models/db.py: -1
[2020-08-21 17:13:03] EDIT prodigy/models/db.py: 0
[2020-08-21 23:38:34] EDIT prodigy/views/default/acesso_cliente.html: 6
[2020-08-21 23:39:24] EDIT prodigy/views/default/acesso_cliente.html: 0
[2020-08-21 23:45:40] EDIT prodigy/views/default/acesso_cliente.html: 6
[2020-08-21 23:46:09] EDIT prodigy/views/default/acesso_cliente.html: -6
[2020-08-22 09:48:34] EDIT prodigy/controllers/default.py: 0
[2020-08-22 09:51:35] EDIT prodigy/models/db.py: 2
[2020-08-22 09:52:04] EDIT prodigy/models/db.py: 1
[2020-08-22 09:53:04] EDIT prodigy/models/db.py: 0
[2020-08-22 09:54:16] EDIT prodigy/models/db.py: 0
[2020-08-22 10:02:13] UPLOAD /home/rogoberto/web2py/applications/prodigy/static/images/DOC_29680.ico: 1
[2020-08-22 10:02:55] UPLOAD /home/rogoberto/web2py/applications/prodigy/static/images/DOC_29680.png: 50
[2020-08-22 10:03:27] EDIT prodigy/views/layout.html: 0
[2020-08-22 10:03:45] EDIT prodigy/views/layout.html: 0
[2020-08-22 10:04:05] EDIT prodigy/views/layout.html: 0
[2020-08-22 10:18:38] EDIT prodigy/views/default/acesso_cliente.html: -6
[2020-08-22 10:19:56] EDIT prodigy/views/default/acesso_cliente.html: 0
[2020-08-22 10:20:38] EDIT prodigy/views/default/acesso_cliente.html: -4
[2020-08-22 10:21:18] EDIT prodigy/controllers/default.py: 4
[2020-08-22 10:21:35] CREATE default/visualizar_operacao.html: 0
[2020-08-22 10:21:52] EDIT prodigy/views/default/visualizar_operacao.html: 41
[2020-08-22 10:22:30] EDIT prodigy/views/default/visualizar_operacao.html: 1
[2020-08-22 10:22:36] EDIT prodigy/views/default/visualizar_operacao.html: 0
[2020-08-22 10:23:05] EDIT prodigy/views/default/visualizar_operacao.html: 0
[2020-08-22 10:23:45] EDIT prodigy/views/default/visualizar_operacao.html: 0
[2020-08-22 10:24:11] EDIT prodigy/views/default/visualizar_operacao.html: 1
[2020-08-22 10:24:23] EDIT prodigy/views/default/visualizar_operacao.html: 0
[2020-08-22 10:24:39] EDIT prodigy/views/default/visualizar_operacao.html: 0
[2020-08-22 10:24:56] EDIT prodigy/views/default/visualizar_operacao.html: 0
[2020-08-22 10:25:26] EDIT prodigy/views/default/visualizar_operacao.html: 0
[2020-08-22 10:25:37] EDIT prodigy/views/default/visualizar_operacao.html: 0
[2020-08-22 10:26:53] EDIT prodigy/views/default/visualizar_operacao.html: 13
[2020-08-22 10:27:32] EDIT prodigy/views/default/visualizar_operacao.html: -1
[2020-08-22 10:27:57] EDIT prodigy/views/default/visualizar_operacao.html: 0
[2020-08-22 10:28:58] EDIT prodigy/views/default/visualizar_operacao.html: 0
[2020-08-22 10:29:44] EDIT prodigy/views/default/visualizar_operacao.html: 0
[2020-08-22 10:30:52] EDIT prodigy/controllers/default.py: 2
[2020-08-22 10:35:07] EDIT prodigy/views/default/visualizar_operacao.html: 0
[2020-08-22 10:35:29] EDIT prodigy/views/default/visualizar_operacao.html: 0
[2020-08-22 10:35:47] EDIT prodigy/views/default/visualizar_operacao.html: 0
[2020-08-22 10:37:47] EDIT prodigy/models/db.py: 1
[2020-08-22 10:42:15] EDIT prodigy/models/db.py: 4
[2020-08-22 10:42:34] EDIT prodigy/views/default/visualizar_operacao.html: 1
[2020-08-22 10:43:15] EDIT prodigy/views/default/visualizar_operacao.html: 0
[2020-08-22 10:44:37] EDIT prodigy/controllers/default.py: 2
[2020-08-22 10:47:07] EDIT prodigy/models/db.py: 2
[2020-08-22 10:47:52] EDIT prodigy/views/default/visualizar_operacao.html: 0
[2020-08-22 10:49:51] EDIT prodigy/models/db.py: 0
[2020-08-22 10:50:44] EDIT prodigy/views/default/visualizar_operacao.html: 0
[2020-08-22 10:52:56] EDIT prodigy/views/default/visualizar_operacao.html: 4
[2020-08-22 10:53:12] EDIT prodigy/views/default/visualizar_operacao.html: 0
[2020-08-22 10:54:18] EDIT prodigy/views/default/visualizar_operacao.html: 0
[2020-08-22 10:56:01] EDIT prodigy/views/default/visualizar_operacao.html: 0
[2020-08-22 10:57:54] EDIT prodigy/views/default/visualizar_operacao.html: 1
[2020-08-22 11:00:16] EDIT prodigy/views/default/visualizar_operacao.html: 0
[2020-08-22 11:02:05] EDIT prodigy/views/default/visualizar_operacao.html: 0
[2020-08-22 11:03:24] EDIT prodigy/views/default/visualizar_operacao.html: -1
[2020-08-22 11:03:40] EDIT prodigy/views/default/visualizar_operacao.html: -1
[2020-08-22 11:03:57] EDIT prodigy/views/default/visualizar_operacao.html: 0
[2020-08-22 11:10:23] EDIT prodigy/views/default/acesso_cliente.html: 0
[2020-08-22 11:10:45] EDIT prodigy/views/default/acesso_cliente.html: 0
[2020-08-22 11:11:12] EDIT prodigy/views/default/visualizar_operacao.html: 0
[2020-08-22 11:11:32] EDIT prodigy/views/default/visualizar_operacao.html: 0
[2020-08-22 11:11:57] EDIT prodigy/views/default/visualizar_operacao.html: -2
[2020-08-22 11:12:29] EDIT prodigy/views/default/visualizar_operacao.html: 0
[2020-08-22 11:12:57] EDIT prodigy/views/default/visualizar_operacao.html: 0
[2020-08-22 11:13:17] EDIT prodigy/views/default/visualizar_operacao.html: 0
[2020-08-22 11:14:02] EDIT prodigy/views/default/visualizar_operacao.html: 0
[2020-08-22 11:17:17] EDIT prodigy/views/default/visualizar_operacao.html: 0
[2020-08-22 11:19:04] EDIT prodigy/views/default/acesso_cliente.html: 0
[2020-08-22 11:19:25] EDIT prodigy/views/default/acesso_cliente.html: 0
[2020-08-22 11:22:33] EDIT prodigy/controllers/default.py: 0
[2020-08-22 11:24:52] EDIT prodigy/views/default/acesso_cliente.html: 0
[2020-08-22 11:26:40] EDIT prodigy/views/default/visualizar_operacao.html: 0
[2020-08-22 11:27:13] EDIT prodigy/views/default/visualizar_operacao.html: 0
[2020-08-22 11:28:05] EDIT prodigy/views/layout.html: 0
[2020-08-22 11:28:33] EDIT prodigy/views/layout.html: 0
[2020-08-22 11:30:15] EDIT prodigy/views/layout.html: 0
[2020-08-22 11:33:50] EDIT prodigy/views/default/index.html: -74
[2020-08-22 11:34:39] EDIT prodigy/views/default/index.html: 74
[2020-08-24 16:36:50] EDIT prodigy/models/menu.py: 1
[2020-08-24 16:37:14] EDIT prodigy/models/menu.py: 0
[2020-08-24 16:37:32] CREATE promotor.py: 0
[2020-08-24 16:37:58] EDIT prodigy/controllers/promotor.py: 2
[2020-08-24 16:38:02] EDIT prodigy/controllers/promotor.py: 0
[2020-08-24 16:38:36] EDIT prodigy/controllers/promotor.py: 0
[2020-08-24 16:38:57] CREATE promotor/lista_promotor.html: 0
[2020-08-24 16:39:11] EDIT prodigy/models/menu.py: 0
[2020-08-24 16:40:37] EDIT prodigy/views/promotor/lista_promotor.html: 45
[2020-08-24 16:40:59] EDIT prodigy/controllers/promotor.py: 0
[2020-08-24 16:41:09] EDIT prodigy/controllers/promotor.py: 0
[2020-08-24 16:41:48] EDIT prodigy/controllers/promotor.py: 13
[2020-08-24 16:41:59] EDIT prodigy/controllers/promotor.py: 0
[2020-08-24 16:43:04] EDIT prodigy/controllers/promotor.py: 11
[2020-08-24 16:43:29] EDIT prodigy/views/promotor/lista_promotor.html: 0
[2020-08-24 16:43:40] EDIT prodigy/views/promotor/lista_promotor.html: 0
[2020-08-24 16:44:02] EDIT prodigy/controllers/promotor.py: 0
[2020-08-24 16:44:17] EDIT prodigy/controllers/promotor.py: 0
[2020-08-24 16:46:18] EDIT prodigy/controllers/default.py: 1
[2020-08-24 16:47:24] EDIT prodigy/controllers/default.py: 0
[2020-08-26 14:14:39] EDIT prodigy/controllers/default.py: -1
[2020-08-26 14:15:45] EDIT prodigy/views/default/index.html: 19
[2020-08-26 14:18:02] EDIT prodigy/views/default/index.html: 0
[2020-08-26 14:18:32] EDIT prodigy/views/default/index.html: 0
[2020-08-26 14:18:49] EDIT prodigy/views/default/index.html: 0
[2020-08-26 14:19:31] EDIT prodigy/views/default/index.html: 0
[2020-08-26 14:19:49] EDIT prodigy/views/default/index.html: 1
[2020-08-26 14:23:49] EDIT prodigy/views/default/index.html: 0
[2020-08-26 14:24:12] EDIT prodigy/views/default/index.html: 0
[2020-08-26 14:24:58] EDIT prodigy/views/default/index.html: 0
[2020-08-26 14:26:00] EDIT prodigy/views/layout.html: 0
[2020-08-26 14:26:43] EDIT prodigy/views/layout.html: 0
[2020-08-31 13:39:16] EDIT prodigy/controllers/default.py: 0
[2020-08-31 13:41:35] EDIT prodigy/controllers/default.py: 0
[2020-09-01 15:57:22] EDIT prodigy/controllers/default.py: 0
[2020-09-01 15:58:06] EDIT prodigy/views/layout.html: 10
[2020-09-01 15:59:33] EDIT prodigy/views/default/visualizar_operacao.html: 0
[2020-09-01 16:06:37] EDIT prodigy/views/default/lista_cliente.html: 0
[2020-09-01 16:06:50] EDIT prodigy/views/default/lista_cliente.html: 0
[2020-09-01 16:07:13] EDIT prodigy/views/default/lista_cliente.html: 0
[2020-09-01 16:07:46] EDIT prodigy/views/default/acesso_cliente.html: 0
[2020-09-01 16:09:38] EDIT prodigy/views/default/acesso_cliente.html: 0
[2020-09-01 16:09:53] EDIT prodigy/views/default/acesso_cliente.html: 0
[2020-09-01 16:10:32] EDIT prodigy/views/default/acesso_cliente.html: 0
[2020-09-01 16:11:39] EDIT prodigy/views/default/acesso_cliente.html: 4
[2020-09-01 16:18:57] EDIT prodigy/views/default/visualizar_operacao.html: 2
[2020-09-01 16:19:34] EDIT prodigy/views/default/visualizar_operacao.html: 0
[2020-09-01 16:19:38] EDIT prodigy/views/default/visualizar_operacao.html: 0
[2020-09-01 16:20:06] EDIT prodigy/views/default/visualizar_operacao.html: 0
[2020-09-01 16:20:24] EDIT prodigy/views/default/visualizar_operacao.html: 0
[2020-09-01 16:20:48] EDIT prodigy/views/default/visualizar_operacao.html: 0
[2020-09-01 16:21:12] EDIT prodigy/views/default/visualizar_operacao.html: 0
[2020-09-01 16:21:19] EDIT prodigy/views/default/visualizar_operacao.html: 0
[2020-09-01 16:21:35] EDIT prodigy/views/default/visualizar_operacao.html: 0
[2020-09-01 16:22:01] EDIT prodigy/views/default/visualizar_operacao.html: 0
[2020-09-01 16:22:23] EDIT prodigy/views/default/visualizar_operacao.html: 0
[2020-09-01 16:22:33] EDIT prodigy/views/default/visualizar_operacao.html: 0
[2020-09-01 16:23:02] EDIT prodigy/views/default/visualizar_operacao.html: 0
[2020-09-01 16:23:12] EDIT prodigy/views/default/visualizar_operacao.html: 0
[2020-09-01 16:23:59] EDIT prodigy/views/default/visualizar_operacao.html: 0
[2020-09-01 16:24:13] EDIT prodigy/views/default/visualizar_operacao.html: 0
[2020-09-01 16:24:28] EDIT prodigy/views/default/visualizar_operacao.html: 0
[2020-09-01 16:24:34] EDIT prodigy/views/default/visualizar_operacao.html: 0
[2020-09-01 16:24:53] EDIT prodigy/views/default/visualizar_operacao.html: 0
[2020-09-01 16:25:25] EDIT prodigy/views/default/visualizar_operacao.html: 0
[2020-09-01 17:45:09] EDIT prodigy/views/default/visualizar_operacao.html: 0
[2020-09-01 17:45:30] EDIT prodigy/views/default/visualizar_operacao.html: 0
[2020-09-01 17:45:42] EDIT prodigy/views/default/visualizar_operacao.html: 0
[2020-09-01 17:45:50] EDIT prodigy/views/default/visualizar_operacao.html: 0
[2020-09-01 17:46:07] EDIT prodigy/views/default/visualizar_operacao.html: 0
[2020-09-01 17:51:58] EDIT prodigy/views/default/visualizar_operacao.html: 0
[2020-09-01 17:52:20] EDIT prodigy/views/default/visualizar_operacao.html: 0
[2020-09-01 18:32:18] EDIT prodigy/models/db.py: -1
[2020-09-01 18:32:57] EDIT prodigy/models/db.py: 0
[2020-09-01 18:34:39] EDIT prodigy/views/default/lista_cliente.html: 1
[2020-09-01 18:34:48] EDIT prodigy/views/default/lista_cliente.html: -1
[2020-09-01 18:35:09] EDIT prodigy/views/default/lista_cliente.html: 0
[2020-09-01 18:36:17] EDIT prodigy/views/default/lista_cliente.html: 1
[2020-09-01 18:37:19] EDIT prodigy/views/default/lista_cliente.html: 1
[2020-09-01 18:37:28] EDIT prodigy/views/default/lista_cliente.html: 0
[2020-09-01 18:37:38] EDIT prodigy/views/default/lista_cliente.html: 0
[2020-09-01 18:38:38] EDIT prodigy/views/default/lista_cliente.html: 0
[2020-09-01 18:39:20] EDIT prodigy/views/default/lista_cliente.html: 1
[2020-09-01 18:39:47] EDIT prodigy/views/default/lista_cliente.html: 0
[2020-09-01 18:40:07] EDIT prodigy/views/default/lista_cliente.html: 0
[2020-09-01 18:40:41] EDIT prodigy/views/default/lista_cliente.html: -1
[2020-09-01 18:41:24] EDIT prodigy/views/default/lista_cliente.html: 1
[2020-09-01 18:42:01] EDIT prodigy/views/default/lista_cliente.html: 0
[2020-09-01 18:43:10] EDIT prodigy/views/default/lista_cliente.html: 1
[2020-09-01 18:44:01] EDIT prodigy/views/default/lista_cliente.html: 0
[2020-09-01 18:44:14] EDIT prodigy/views/default/lista_cliente.html: 0
[2020-09-01 18:44:56] EDIT prodigy/views/default/acesso_cliente.html: 2
[2020-09-01 18:45:28] EDIT prodigy/views/default/acesso_cliente.html: 2
[2020-09-01 19:15:47] CREATE acs_admin.py: 0
[2020-09-01 19:16:03] CREATE acs_admin.index.html: 0
[2020-09-01 19:16:30] EDIT prodigy/views/acs_admin.index.html: 21
[2020-09-01 19:16:47] EDIT prodigy/views/acs_admin.index.html: 0
[2020-09-01 19:17:05] CREATE acs_admin/index.html: 0
[2020-09-01 19:17:50] EDIT prodigy/views/acs_admin/index.html: 23
[2020-09-01 19:17:56] EDIT prodigy/views/acs_admin/index.html: 0
[2020-09-01 19:18:38] EDIT prodigy/views/acs_admin/index.html: 0
[2020-09-01 19:18:49] EDIT prodigy/views/acs_admin/index.html: 0
[2020-09-01 19:19:34] EDIT prodigy/views/acs_admin/index.html: 0
[2020-09-01 19:20:01] EDIT prodigy/views/acs_admin/index.html: 0
[2020-09-01 19:20:18] EDIT prodigy/views/acs_admin/index.html: 0
[2020-09-01 19:20:36] EDIT prodigy/views/acs_admin/index.html: 0
[2020-09-01 19:21:14] EDIT prodigy/views/acs_admin/index.html: 0
[2020-09-01 19:21:28] EDIT prodigy/views/acs_admin/index.html: 0
[2020-09-01 19:22:39] EDIT prodigy/views/acs_admin/index.html: 0
[2020-09-01 19:24:15] EDIT prodigy/views/acs_admin/index.html: 0
[2020-09-01 19:24:26] EDIT prodigy/views/acs_admin/index.html: 0
[2020-09-01 19:31:54] EDIT prodigy/views/acs_admin/index.html: 11
[2020-09-01 19:32:08] EDIT prodigy/views/acs_admin/index.html: -2
[2020-09-01 19:33:22] EDIT prodigy/views/acs_admin/index.html: 0
[2020-09-01 19:33:55] EDIT prodigy/views/acs_admin/index.html: 0
[2020-09-01 19:34:10] EDIT prodigy/views/acs_admin/index.html: 0
[2020-09-01 19:34:25] EDIT prodigy/views/acs_admin/index.html: 0
[2020-09-01 19:35:15] EDIT prodigy/views/acs_admin/index.html: 0
[2020-09-01 19:38:56] EDIT prodigy/views/default/visualizar_operacao.html: 0
[2020-09-01 19:40:10] EDIT prodigy/views/default/visualizar_operacao.html: 2
[2020-09-01 19:41:30] EDIT prodigy/views/default/visualizar_operacao.html: 2
[2020-09-08 22:13:45] EDIT prodigy/models/db.py: 0
[2020-09-08 22:13:57] EDIT prodigy/models/db.py: 0
[2020-09-08 22:15:15] CREATE operacao.py: 0
[2020-09-08 22:17:46] EDIT prodigy/controllers/operacao.py: 12
[2020-09-08 22:18:56] EDIT prodigy/models/menu.py: 1
[2020-09-08 22:19:11] CREATE operacao/index.html: 0
[2020-09-08 22:20:04] EDIT prodigy/views/operacao/index.html: 93
[2020-09-08 22:21:07] EDIT prodigy/views/operacao/index.html: -1
[2020-09-08 22:21:47] EDIT prodigy/views/operacao/index.html: 4
[2020-09-08 22:21:55] EDIT prodigy/views/operacao/index.html: 0
[2020-09-08 22:22:21] EDIT prodigy/views/operacao/index.html: 0
[2020-09-08 22:22:40] EDIT prodigy/views/operacao/index.html: 0
[2020-09-08 22:24:51] EDIT prodigy/views/operacao/index.html: 6
[2020-09-08 22:25:42] EDIT prodigy/views/operacao/index.html: 3
[2020-09-08 22:25:58] EDIT prodigy/views/operacao/index.html: 0
[2020-09-08 22:26:18] EDIT prodigy/views/operacao/index.html: 1
[2020-09-08 22:28:22] EDIT prodigy/views/operacao/index.html: 0
[2020-09-09 00:50:32] EDIT prodigy/views/operacao/index.html: 3
[2020-09-09 00:54:51] EDIT prodigy/views/operacao/index.html: 23
[2020-09-09 00:55:10] EDIT prodigy/views/operacao/index.html: 0
[2020-09-09 00:57:05] EDIT prodigy/views/operacao/index.html: 5
[2020-09-09 00:57:25] EDIT prodigy/views/operacao/index.html: 0
[2020-09-09 00:58:10] EDIT prodigy/views/operacao/index.html: 0
[2020-09-09 00:58:33] EDIT prodigy/views/operacao/index.html: 0
[2020-09-09 00:58:53] EDIT prodigy/views/operacao/index.html: 0
[2020-09-09 00:59:06] EDIT prodigy/views/operacao/index.html: 0
[2020-09-09 01:00:02] EDIT prodigy/views/operacao/index.html: 3
[2020-09-09 01:00:17] EDIT prodigy/views/operacao/index.html: 0
[2020-09-09 01:02:36] EDIT prodigy/views/operacao/index.html: -10
[2020-09-09 01:02:56] EDIT prodigy/views/operacao/index.html: 2
[2020-09-09 01:03:22] EDIT prodigy/views/operacao/index.html: 0
[2020-09-09 01:03:44] EDIT prodigy/views/operacao/index.html: 0
[2020-09-09 01:04:22] EDIT prodigy/views/operacao/index.html: 0
[2020-09-09 01:06:59] EDIT prodigy/views/operacao/index.html: 0
[2020-09-09 01:08:02] EDIT prodigy/views/operacao/index.html: 0
[2020-09-09 01:08:18] EDIT prodigy/views/operacao/index.html: 0
[2020-09-09 01:08:32] EDIT prodigy/views/operacao/index.html: 0
[2020-09-09 01:10:51] EDIT prodigy/views/operacao/index.html: 0
[2020-09-09 01:11:20] EDIT prodigy/views/operacao/index.html: 0
[2020-09-09 01:11:29] EDIT prodigy/views/operacao/index.html: 0
[2020-09-09 02:21:00] EDIT prodigy/views/operacao/index.html: 0
[2020-09-09 02:22:27] EDIT prodigy/views/operacao/index.html: 1
[2020-09-09 02:22:48] EDIT prodigy/views/operacao/index.html: 0
[2020-09-09 02:24:34] EDIT prodigy/views/operacao/index.html: 1
[2020-09-09 02:24:48] EDIT prodigy/views/operacao/index.html: 0
[2020-09-09 02:25:37] EDIT prodigy/models/db.py: 0
[2020-09-09 02:26:02] EDIT prodigy/models/db.py: 0
[2020-09-09 02:27:04] EDIT prodigy/views/operacao/index.html: 0
[2020-09-09 02:27:18] EDIT prodigy/views/operacao/index.html: 0
[2020-09-09 02:27:28] EDIT prodigy/views/operacao/index.html: 0
[2020-09-09 02:28:16] EDIT prodigy/views/operacao/index.html: -2
[2020-09-09 02:28:23] EDIT prodigy/views/operacao/index.html: 0
[2020-09-09 02:29:08] EDIT prodigy/views/operacao/index.html: 1
[2020-09-09 02:29:31] EDIT prodigy/views/operacao/index.html: -4
[2020-09-09 02:30:37] EDIT prodigy/views/operacao/index.html: 0
[2020-09-09 02:31:12] EDIT prodigy/views/operacao/index.html: -2
[2020-09-09 02:31:40] EDIT prodigy/controllers/operacao.py: 2
[2020-09-09 02:31:56] CREATE operacao/visualizar_operacao.html: 0
[2020-09-09 02:35:42] EDIT prodigy/views/operacao/visualizar_operacao.html: 63
[2020-09-09 02:36:30] EDIT prodigy/controllers/operacao.py: 1
[2020-09-09 02:37:11] EDIT prodigy/views/operacao/visualizar_operacao.html: -1
[2020-09-09 02:52:28] EDIT prodigy/views/operacao/index.html: 0
[2020-09-09 03:02:46] EDIT prodigy/views/operacao/index.html: 1
[2020-09-09 03:06:04] EDIT prodigy/models/db.py: 1
[2020-09-09 03:07:06] EDIT prodigy/views/operacao/index.html: 0
[2020-09-09 03:07:41] EDIT prodigy/views/operacao/index.html: 0
[2020-09-09 03:14:39] EDIT prodigy/views/operacao/index.html: 11
[2020-09-09 03:15:38] EDIT prodigy/views/operacao/index.html: 1
[2020-09-09 03:16:12] EDIT prodigy/views/operacao/index.html: 1
[2020-09-09 03:17:18] EDIT prodigy/views/operacao/index.html: 0
[2020-09-09 03:17:38] EDIT prodigy/views/operacao/index.html: 0
[2020-09-09 03:26:46] EDIT prodigy/views/operacao/index.html: 2
[2020-09-09 03:29:27] EDIT prodigy/views/operacao/index.html: 6
[2020-09-09 03:31:29] EDIT prodigy/views/operacao/index.html: 36
[2020-09-09 03:33:19] EDIT prodigy/views/operacao/index.html: -24
[2020-09-09 03:34:01] EDIT prodigy/views/operacao/index.html: 0
[2020-09-09 03:34:32] EDIT prodigy/views/operacao/index.html: 0
[2020-09-09 03:35:13] EDIT prodigy/views/operacao/index.html: -10
[2020-09-09 03:36:53] EDIT prodigy/views/operacao/index.html: 1
[2020-09-09 03:37:02] EDIT prodigy/views/operacao/index.html: 1
[2020-09-09 03:40:24] EDIT prodigy/views/operacao/index.html: 2
[2020-09-09 03:41:38] EDIT prodigy/views/operacao/index.html: 0
[2020-09-09 03:42:41] EDIT prodigy/views/operacao/index.html: 4
[2020-09-09 03:44:11] EDIT prodigy/views/operacao/index.html: 0
[2020-09-09 03:46:43] EDIT prodigy/controllers/operacao.py: 8
[2020-09-09 03:47:45] EDIT prodigy/controllers/operacao.py: 1
[2020-09-09 03:49:31] EDIT prodigy/views/operacao/index.html: 0
[2020-09-09 03:49:38] EDIT prodigy/views/operacao/index.html: 0
[2020-09-09 18:29:30] EDIT prodigy/models/db.py: 0
[2020-09-11 03:03:22] EDIT prodigy/views/default/visualizar_operacao.html: 2
[2020-09-11 03:03:44] EDIT prodigy/views/default/visualizar_operacao.html: 0
[2020-09-11 03:06:22] EDIT prodigy/views/default/visualizar_operacao.html: 2
[2020-09-11 03:07:28] EDIT prodigy/views/default/visualizar_operacao.html: 2
[2020-09-11 03:07:51] EDIT prodigy/views/default/visualizar_operacao.html: 0
[2020-09-11 03:11:34] EDIT prodigy/controllers/default.py: 31
[2020-09-11 03:12:07] EDIT prodigy/controllers/default.py: 0
[2020-09-11 03:12:18] EDIT prodigy/views/default/lista_cliente.html: 14
[2020-09-11 03:13:14] EDIT prodigy/views/default/lista_cliente.html: 2
[2020-09-11 03:13:56] EDIT prodigy/views/default/lista_cliente.html: 2
[2020-09-11 03:19:39] EDIT prodigy/views/default/lista_cliente.html: 0
[2020-09-11 03:22:06] EDIT prodigy/controllers/default.py: 0
[2020-09-11 03:23:51] EDIT prodigy/views/operacao/visualizar_operacao.html: 7
[2020-09-11 03:24:56] EDIT prodigy/views/default/visualizar_operacao.html: 0
[2020-09-11 03:24:59] EDIT prodigy/views/operacao/visualizar_operacao.html: 0
[2020-09-11 03:25:30] EDIT prodigy/views/operacao/visualizar_operacao.html: -1
[2020-09-11 03:26:46] EDIT prodigy/controllers/operacao.py: 57
[2020-09-11 03:27:23] EDIT prodigy/controllers/operacao.py: 0
[2020-09-11 03:28:20] EDIT prodigy/controllers/operacao.py: 0
[2020-09-11 03:29:07] EDIT prodigy/controllers/operacao.py: 0
[2020-09-11 03:30:11] EDIT prodigy/controllers/operacao.py: 2
[2020-09-11 03:31:25] EDIT prodigy/views/operacao/visualizar_operacao.html: -1
[2020-09-11 03:33:59] EDIT prodigy/views/operacao/visualizar_operacao.html: 5
[2020-09-11 03:35:54] EDIT prodigy/views/operacao/visualizar_operacao.html: 0
[2020-09-11 03:36:01] EDIT prodigy/views/operacao/visualizar_operacao.html: 0
[2020-09-11 03:36:39] EDIT prodigy/views/operacao/visualizar_operacao.html: 0
[2020-09-11 03:36:57] EDIT prodigy/views/operacao/visualizar_operacao.html: 0
[2020-09-11 03:38:59] EDIT prodigy/views/operacao/visualizar_operacao.html: 2
[2020-09-11 03:39:15] EDIT prodigy/views/operacao/visualizar_operacao.html: 0
[2020-09-11 03:40:35] EDIT prodigy/views/default/visualizar_operacao.html: 7
[2020-09-11 03:54:54] EDIT prodigy/controllers/operacao.py: 6
[2020-09-13 11:27:33] EDIT prodigy/views/operacao/visualizar_operacao.html: 1
[2020-09-13 11:27:41] EDIT prodigy/views/operacao/visualizar_operacao.html: 0
[2020-09-13 11:27:56] EDIT prodigy/views/operacao/visualizar_operacao.html: 0
[2020-09-13 11:30:46] EDIT prodigy/views/operacao/index.html: 0
[2020-09-13 11:35:30] EDIT prodigy/views/operacao/index.html: 2
[2020-09-13 11:36:48] EDIT prodigy/views/operacao/index.html: 0
[2020-09-13 11:37:03] EDIT prodigy/views/operacao/index.html: 0
[2020-09-13 11:37:18] EDIT prodigy/views/operacao/index.html: 0
[2020-09-13 11:42:29] EDIT prodigy/views/operacao/index.html: 13
[2020-09-13 11:43:03] EDIT prodigy/views/operacao/index.html: 1
[2020-09-13 11:43:36] EDIT prodigy/views/operacao/index.html: 0
[2020-09-13 11:44:13] EDIT prodigy/views/operacao/index.html: 12
[2020-09-13 12:00:25] EDIT prodigy/views/operacao/index.html: 0
[2020-09-13 12:11:02] EDIT prodigy/views/operacao/index.html: 13
[2020-09-13 12:12:00] EDIT prodigy/views/operacao/index.html: 2
[2020-09-13 12:12:44] EDIT prodigy/views/operacao/index.html: 1
[2020-09-13 12:14:28] EDIT prodigy/views/operacao/index.html: 0
[2020-09-13 12:21:18] EDIT prodigy/views/operacao/index.html: 4
[2020-09-13 12:21:40] EDIT prodigy/views/operacao/index.html: -1
[2020-09-13 12:22:11] EDIT prodigy/views/operacao/index.html: 1
[2020-09-13 12:22:37] EDIT prodigy/views/operacao/index.html: 0
[2020-09-13 12:24:08] EDIT prodigy/views/operacao/index.html: 0
[2020-09-13 12:25:12] EDIT prodigy/views/operacao/index.html: -1
[2020-09-13 12:25:21] EDIT prodigy/views/operacao/index.html: -5
[2020-09-13 12:26:21] EDIT prodigy/views/operacao/index.html: 0
[2020-09-13 12:27:24] EDIT prodigy/views/operacao/index.html: 3
[2020-09-13 12:32:11] EDIT prodigy/views/operacao/index.html: 0
[2020-09-13 12:32:32] EDIT prodigy/views/operacao/index.html: 0
[2020-09-13 12:32:44] EDIT prodigy/views/operacao/index.html: 0
[2020-09-13 12:33:03] EDIT prodigy/views/operacao/index.html: 0
[2020-09-13 12:33:48] EDIT prodigy/views/operacao/index.html: 0
[2020-09-13 12:34:07] EDIT prodigy/views/operacao/index.html: 0
[2020-09-13 12:35:38] EDIT prodigy/views/operacao/index.html: 1
[2020-09-13 12:35:58] EDIT prodigy/views/operacao/index.html: 1
[2020-09-13 12:36:10] EDIT prodigy/views/operacao/index.html: 0
[2020-09-15 10:20:08] EDIT prodigy/views/operacao/index.html: 0
[2020-09-15 10:41:01] EDIT prodigy/models/db.py: 0
[2020-09-15 10:45:21] EDIT prodigy/views/operacao/index.html: 13
[2020-09-15 10:45:47] EDIT prodigy/views/operacao/index.html: 0
[2020-09-15 10:46:14] EDIT prodigy/views/operacao/index.html: 0
[2020-09-15 10:46:38] EDIT prodigy/views/operacao/index.html: -13
[2020-09-15 10:47:29] EDIT prodigy/views/operacao/index.html: 13
[2020-09-15 10:48:07] EDIT prodigy/views/operacao/index.html: 1
[2020-09-18 03:00:10] EDIT prodigy/views/default/lista_cliente.html: 14
[2020-09-18 03:00:44] EDIT prodigy/views/default/lista_cliente.html: 0
[2020-09-18 03:01:50] EDIT prodigy/views/default/lista_cliente.html: 0
[2020-09-18 03:05:41] EDIT prodigy/controllers/default.py: 5
[2020-09-18 03:06:21] EDIT prodigy/controllers/default.py: -1
[2020-09-18 03:07:37] EDIT prodigy/controllers/default.py: -2
[2020-09-18 03:07:52] EDIT prodigy/controllers/default.py: 1
[2020-09-18 03:07:55] EDIT prodigy/controllers/default.py: 0
[2020-09-18 03:08:05] EDIT prodigy/controllers/default.py: -3
[2020-09-18 03:08:26] EDIT prodigy/controllers/default.py: 3
[2020-09-18 03:09:33] EDIT prodigy/controllers/default.py: 0
[2020-09-18 03:09:47] EDIT prodigy/controllers/default.py: -2
[2020-09-18 03:10:12] EDIT prodigy/controllers/default.py: 2
[2020-09-18 03:10:53] EDIT prodigy/controllers/default.py: 0
[2020-09-18 03:12:06] EDIT prodigy/views/default/lista_cliente.html: 0
[2020-09-18 03:20:46] EDIT prodigy/views/default/lista_cliente.html: 9
[2020-09-18 03:22:14] EDIT prodigy/views/default/lista_cliente.html: 1
[2020-09-18 03:23:17] EDIT prodigy/views/default/lista_cliente.html: 0
[2020-09-18 03:23:59] EDIT prodigy/views/default/lista_cliente.html: -1
[2020-09-18 03:28:29] EDIT prodigy/views/default/lista_cliente.html: 3
[2020-09-18 03:28:56] EDIT prodigy/views/default/lista_cliente.html: -2
[2020-09-18 03:29:43] EDIT prodigy/views/default/lista_cliente.html: -1
[2020-09-18 03:30:47] EDIT prodigy/views/default/lista_cliente.html: 1
[2020-09-18 03:30:56] EDIT prodigy/views/default/lista_cliente.html: -1
[2020-09-18 03:37:35] EDIT prodigy/views/operacao/index.html: 0
[2020-09-18 03:40:14] EDIT prodigy/views/default/lista_cliente.html: 0
[2020-09-18 03:40:38] EDIT prodigy/views/default/lista_cliente.html: 0
[2020-09-18 03:40:54] EDIT prodigy/views/default/lista_cliente.html: 0
[2020-09-18 03:41:02] EDIT prodigy/views/default/lista_cliente.html: 0
[2020-09-18 03:41:20] EDIT prodigy/views/default/lista_cliente.html: 0
[2020-09-18 03:42:06] EDIT prodigy/views/default/lista_cliente.html: 0
[2020-09-18 03:42:26] EDIT prodigy/views/default/lista_cliente.html: 0
[2020-09-18 03:42:53] EDIT prodigy/views/default/lista_cliente.html: 0
[2020-09-18 03:43:45] EDIT prodigy/views/default/lista_cliente.html: 0
[2020-09-18 03:45:17] EDIT prodigy/views/default/lista_cliente.html: 2
[2020-09-18 03:47:10] EDIT prodigy/views/default/lista_cliente.html: -2
[2020-09-18 03:47:55] EDIT prodigy/views/default/lista_cliente.html: 0
[2020-09-18 03:52:10] EDIT prodigy/views/default/lista_cliente.html: -1
[2020-09-18 03:52:50] EDIT prodigy/views/default/lista_cliente.html: 0
[2020-09-18 03:53:20] EDIT prodigy/views/default/lista_cliente.html: 0
[2020-09-18 03:54:01] EDIT prodigy/views/default/lista_cliente.html: -1
[2020-09-18 03:57:56] EDIT prodigy/views/default/lista_cliente.html: 1
[2020-09-18 03:59:46] EDIT prodigy/views/default/lista_cliente.html: 1
[2020-09-18 03:59:56] EDIT prodigy/views/default/lista_cliente.html: -1
[2020-09-18 04:00:29] EDIT prodigy/views/default/lista_cliente.html: 0
[2020-09-18 04:01:50] EDIT prodigy/views/default/lista_cliente.html: 0
[2020-09-18 04:03:01] EDIT prodigy/views/default/lista_cliente.html: 5
[2020-09-18 04:03:18] EDIT prodigy/views/default/lista_cliente.html: -4
[2020-09-18 04:03:53] EDIT prodigy/views/default/lista_cliente.html: 0
[2020-09-18 04:04:53] EDIT prodigy/views/default/lista_cliente.html: 0
[2020-09-18 04:04:59] EDIT prodigy/views/default/lista_cliente.html: -1
[2020-09-18 04:07:19] EDIT prodigy/views/default/lista_cliente.html: -2
[2020-09-18 04:09:23] EDIT prodigy/views/default/lista_cliente.html: 1
[2020-09-18 04:10:45] EDIT prodigy/views/default/lista_cliente.html: 0
[2020-09-18 04:10:59] EDIT prodigy/views/default/lista_cliente.html: -3
[2020-09-18 04:11:28] EDIT prodigy/views/default/lista_cliente.html: 3
[2020-09-18 04:12:11] EDIT prodigy/views/default/lista_cliente.html: 0
[2020-09-18 04:12:54] EDIT prodigy/views/default/lista_cliente.html: 0
[2020-09-18 04:13:27] EDIT prodigy/views/default/lista_cliente.html: 0
[2020-09-18 04:14:17] EDIT prodigy/views/default/lista_cliente.html: 0
[2020-09-18 04:14:58] EDIT prodigy/views/default/lista_cliente.html: 0
[2020-09-18 04:15:51] EDIT prodigy/views/default/lista_cliente.html: 2
[2020-09-18 04:18:14] EDIT prodigy/views/default/lista_cliente.html: 0
[2020-09-18 04:27:25] EDIT prodigy/views/default/lista_cliente.html: 0
[2020-09-18 04:27:53] EDIT prodigy/views/default/lista_cliente.html: 0
[2020-09-18 04:27:58] EDIT prodigy/views/default/lista_cliente.html: 0
[2020-09-19 22:51:15] EDIT prodigy/controllers/default.py: 38
[2020-09-19 22:51:22] EDIT prodigy/controllers/default.py: -1
[2020-09-19 22:51:42] CREATE default/lista_cliente_amostra.html: 0
[2020-09-19 22:52:28] EDIT prodigy/views/default/lista_cliente_amostra.html: 89
[2020-09-19 22:52:46] EDIT prodigy/views/default/lista_cliente_amostra.html: -1
[2020-09-19 22:53:18] EDIT prodigy/views/default/lista_cliente_amostra.html: 9
[2020-09-19 22:54:14] EDIT prodigy/views/default/lista_cliente_amostra.html: -4
[2020-09-19 22:54:44] EDIT prodigy/views/default/lista_cliente_amostra.html: 0
[2020-09-19 22:54:56] EDIT prodigy/controllers/default.py: 0
[2020-09-19 23:04:28] EDIT prodigy/views/default/lista_cliente_amostra.html: 0
[2020-09-19 23:08:14] EDIT prodigy/views/default/lista_cliente_amostra.html: 0
[2020-09-19 23:11:24] EDIT prodigy/views/default/lista_cliente_amostra.html: 1
[2020-09-19 23:19:18] EDIT prodigy/views/default/lista_cliente_amostra.html: 2
[2020-09-19 23:19:45] EDIT prodigy/views/default/lista_cliente_amostra.html: -2
[2020-09-19 23:22:07] EDIT prodigy/views/default/lista_cliente_amostra.html: -2
[2020-09-19 23:24:28] EDIT prodigy/views/default/lista_cliente_amostra.html: 0
[2020-09-19 23:25:07] EDIT prodigy/views/default/lista_cliente_amostra.html: 0
[2020-09-19 23:27:35] EDIT prodigy/views/default/lista_cliente_amostra.html: 1
[2020-09-19 23:29:14] EDIT prodigy/views/default/lista_cliente_amostra.html: 4
[2020-09-19 23:30:54] EDIT prodigy/views/default/lista_cliente_amostra.html: 0
[2020-09-19 23:31:54] EDIT prodigy/views/default/lista_cliente_amostra.html: 0
[2020-09-19 23:32:43] EDIT prodigy/views/default/lista_cliente_amostra.html: 0
[2020-09-19 23:33:03] EDIT prodigy/views/default/lista_cliente_amostra.html: 0
[2020-09-19 23:38:04] EDIT prodigy/views/default/lista_cliente_amostra.html: -1
[2020-09-19 23:40:50] EDIT prodigy/views/default/lista_cliente_amostra.html: 1
[2020-09-19 23:42:02] EDIT prodigy/views/default/lista_cliente_amostra.html: 0
[2020-09-19 23:42:55] EDIT prodigy/views/default/lista_cliente_amostra.html: 0
[2020-09-19 23:58:27] EDIT prodigy/views/default/lista_cliente_amostra.html: 0
[2020-09-19 23:59:14] EDIT prodigy/views/default/lista_cliente_amostra.html: 0
[2020-09-20 00:06:19] EDIT prodigy/views/default/lista_cliente_amostra.html: 1
[2020-09-20 00:07:13] EDIT prodigy/views/default/lista_cliente_amostra.html: -1
[2020-09-20 00:16:44] EDIT prodigy/views/default/lista_cliente_amostra.html: 0
[2020-09-20 00:17:19] EDIT prodigy/views/default/lista_cliente_amostra.html: 0
[2020-09-20 00:20:37] EDIT prodigy/views/default/lista_cliente_amostra.html: 0
[2020-09-20 00:21:18] EDIT prodigy/views/default/lista_cliente_amostra.html: 0
[2020-09-20 00:21:59] EDIT prodigy/views/default/lista_cliente_amostra.html: 0
[2020-09-20 02:15:59] EDIT prodigy/views/default/lista_cliente_amostra.html: 1
[2020-09-20 02:17:37] EDIT prodigy/views/default/lista_cliente_amostra.html: -3
[2020-09-20 02:19:22] EDIT prodigy/views/default/lista_cliente.html: 0
[2020-09-20 02:21:04] EDIT prodigy/views/default/lista_cliente.html: 0
[2020-09-20 02:21:50] EDIT prodigy/views/default/lista_cliente.html: 2
[2020-09-20 02:22:39] EDIT prodigy/views/default/lista_cliente.html: 0
[2020-09-20 02:23:56] EDIT prodigy/views/default/lista_cliente.html: 0
[2020-09-20 02:25:01] EDIT prodigy/views/default/lista_cliente.html: 1
[2020-09-20 02:25:27] EDIT prodigy/views/default/lista_cliente.html: 0
[2020-09-20 02:27:02] EDIT prodigy/views/default/lista_cliente.html: -2
[2020-09-20 02:27:43] EDIT prodigy/views/default/lista_cliente.html: 2
[2020-09-20 02:28:01] EDIT prodigy/views/default/lista_cliente.html: 0
[2020-09-20 02:28:44] EDIT prodigy/views/default/lista_cliente.html: 0
[2020-09-20 02:29:38] EDIT prodigy/views/default/lista_cliente.html: -3
[2020-09-20 02:30:09] EDIT prodigy/views/default/lista_cliente.html: 0
[2020-09-20 02:30:18] EDIT prodigy/views/default/lista_cliente.html: 1
[2020-09-20 02:31:28] EDIT prodigy/views/default/lista_cliente.html: 0
[2020-09-20 02:32:03] EDIT prodigy/views/default/lista_cliente.html: 4
[2020-09-20 02:32:52] EDIT prodigy/views/default/lista_cliente.html: 0
[2020-09-20 02:33:31] EDIT prodigy/views/default/lista_cliente.html: -1
[2020-09-20 02:34:15] EDIT prodigy/views/default/lista_cliente.html: 0
[2020-09-20 02:34:37] EDIT prodigy/views/default/lista_cliente.html: 0
[2020-09-20 02:35:46] EDIT prodigy/views/default/lista_cliente.html: 0
[2020-09-20 02:36:07] EDIT prodigy/views/default/lista_cliente.html: 0
[2020-09-20 02:36:22] EDIT prodigy/views/default/lista_cliente.html: 0
[2020-09-20 02:37:08] EDIT prodigy/views/default/lista_cliente.html: -2
[2020-09-20 02:37:41] EDIT prodigy/views/default/lista_cliente.html: -2
[2020-09-20 02:39:14] EDIT prodigy/views/default/lista_cliente.html: 2
[2020-09-20 02:39:41] EDIT prodigy/views/default/lista_cliente.html: 0
[2020-09-20 02:40:26] EDIT prodigy/views/default/lista_cliente.html: 0
[2020-09-20 03:00:01] EDIT prodigy/controllers/default.py: 0
[2020-09-20 03:00:56] EDIT prodigy/controllers/default.py: 0
[2020-09-20 03:01:44] EDIT prodigy/controllers/default.py: 0
[2020-09-20 03:01:58] EDIT prodigy/controllers/default.py: 0
[2020-09-20 03:03:01] EDIT prodigy/controllers/default.py: 0
[2020-09-20 03:03:31] EDIT prodigy/controllers/default.py: 0
[2020-09-20 03:03:39] EDIT prodigy/controllers/default.py: 0
[2020-09-23 18:07:28] EDIT prodigy/models/db.py: 0
[2020-09-23 18:08:46] EDIT prodigy/models/db.py: -1
[2020-09-23 18:11:41] EDIT prodigy/models/db.py: 1
[2020-09-23 18:12:05] EDIT prodigy/models/db.py: 0
[2020-09-23 18:13:11] EDIT prodigy/models/db.py: 0
[2020-09-23 18:13:45] EDIT prodigy/models/db.py: 0
[2020-09-23 18:14:31] EDIT prodigy/models/db.py: -1
[2020-09-29 01:16:06] EDIT prodigy/views/operacao/index.html: 4
[2020-09-29 01:20:40] EDIT prodigy/models/db.py: 0
[2020-09-29 01:35:03] EDIT prodigy/controllers/operacao.py: 4
[2020-09-29 01:36:41] EDIT prodigy/views/operacao/visualizar_operacao.html: -1
[2020-09-29 01:36:56] EDIT prodigy/views/operacao/visualizar_operacao.html: 1
[2020-09-29 01:37:56] EDIT prodigy/controllers/operacao.py: 0
[2020-09-30 07:53:09] EDIT prodigy/models/db.py: -1
[2020-09-30 07:53:43] EDIT prodigy/models/db.py: 2
[2020-09-30 07:54:10] EDIT prodigy/models/db.py: -1
[2020-09-30 07:54:28] EDIT prodigy/models/db.py: -11
[2020-09-30 07:54:41] EDIT prodigy/models/db.py: 10
[2020-09-30 07:54:46] EDIT prodigy/models/db.py: 1
[2020-09-30 07:55:35] EDIT prodigy/models/db.py: 0
[2020-09-30 07:55:46] EDIT prodigy/models/db.py: 1
[2020-09-30 07:56:05] EDIT prodigy/models/db.py: 0
[2020-09-30 07:57:02] EDIT prodigy/models/db.py: 0
[2020-09-30 08:01:42] EDIT prodigy/models/db.py: -4
[2020-09-30 08:03:55] EDIT prodigy/models/db.py: 4
[2020-09-30 08:05:11] EDIT prodigy/models/db.py: 0
[2020-09-30 08:13:22] EDIT prodigy/models/db.py: -1
[2020-09-30 08:16:25] EDIT prodigy/models/db.py: 0
[2020-09-30 08:16:30] EDIT prodigy/models/db.py: 1
[2020-09-30 08:17:34] EDIT prodigy/models/db.py: 0
[2020-09-30 08:33:55] EDIT prodigy/controllers/default.py: 1
[2020-09-30 08:34:00] EDIT prodigy/controllers/default.py: 0
[2020-09-30 08:34:20] EDIT prodigy/controllers/default.py: 0
[2020-09-30 08:34:31] EDIT prodigy/controllers/default.py: 0
[2020-09-30 09:14:45] EDIT prodigy/models/db.py: 6
[2020-09-30 09:15:56] EDIT prodigy/models/db.py: -5
[2020-09-30 09:16:12] EDIT prodigy/models/db.py: 1
[2020-09-30 09:18:39] EDIT prodigy/models/db.py: -2
[2020-09-30 09:19:11] EDIT prodigy/models/db.py: 0
[2020-09-30 09:42:45] EDIT prodigy/controllers/default.py: -1
